  Validating sources
  Copying sources remotely to '127.0.0.1'
  Validating architecture
  Validating architecture
  Starting remote build
  Compiling sources:
  main.cpp
C:\Colin\Sophie\3rdPart\boost_1_72_0\boost\type_traits\is_complete.hpp(47,14): warning : conversion from 'long unsigned int' to 'unsigned int' may change value [-Wconversion]
C:\Colin\Sophie\3rdPart\boost_1_72_0\boost\type_traits\is_complete.hpp(47,14): warning :    47 |       ok_tag<sizeof(T)> check_is_complete(int);
C:\Colin\Sophie\3rdPart\boost_1_72_0\boost\type_traits\is_complete.hpp(47,14): warning :       |              ^~~~~~~~~
C:\Colin\Sophie\3rdPart\boost_1_72_0\boost\math\policies\policy.hpp(121,71): warning : conversion from 'long unsigned int' to 'int' may change value [-Wconversion]
C:\Colin\Sophie\3rdPart\boost_1_72_0\boost\math\policies\policy.hpp(242,1): message : in expansion of macro 'BOOST_MATH_META_INT'
C:\Colin\Sophie\3rdPart\boost_1_72_0\boost\math\policies\policy.hpp(242,1): message :   242 | BOOST_MATH_META_INT(unsigned long, max_series_iterations, BOOST_MATH_MAX_SERIES_ITERATION_POLICY)
C:\Colin\Sophie\3rdPart\boost_1_72_0\boost\math\policies\policy.hpp(242,1): message :       | ^~~~~~~~~~~~~~~~~~~
C:\Colin\Sophie\3rdPart\boost_1_72_0\boost\math\policies\policy.hpp(121,71): warning : conversion from 'long unsigned int' to 'int' may change value [-Wconversion]
C:\Colin\Sophie\3rdPart\boost_1_72_0\boost\math\policies\policy.hpp(243,1): message : in expansion of macro 'BOOST_MATH_META_INT'
C:\Colin\Sophie\3rdPart\boost_1_72_0\boost\math\policies\policy.hpp(243,1): message :   243 | BOOST_MATH_META_INT(unsigned long, max_root_iterations, BOOST_MATH_MAX_ROOT_ITERATION_POLICY)
C:\Colin\Sophie\3rdPart\boost_1_72_0\boost\math\policies\policy.hpp(243,1): message :       | ^~~~~~~~~~~~~~~~~~~
C:\Colin\Sophie\3rdPart\boost_1_72_0\boost\math\special_functions\detail\fp_traits.hpp(528,54): warning : conversion from 'long unsigned int' to 'int' may change value [-Wconversion]
C:\Colin\Sophie\3rdPart\boost_1_72_0\boost\math\special_functions\detail\fp_traits.hpp(566,54): warning : conversion from 'long unsigned int' to 'int' may change value [-Wconversion]
C:\Colin\Sophie\3rdPart\boost_1_72_0\boost\asio\detail\impl\eventfd_select_interrupter.ipp(122,23): warning : conversion from 'ssize_t' {aka 'long int'} to 'int' may change value [-Wconversion]
C:\Colin\Sophie\3rdPart\boost_1_72_0\boost\asio\detail\impl\eventfd_select_interrupter.ipp(135,30): warning : conversion from 'ssize_t' {aka 'long int'} to 'int' may change value [-Wconversion]
C:\Colin\Sophie\3rdPart\boost_1_72_0\boost\asio\detail\impl\eventfd_select_interrupter.ipp(148,30): warning : conversion from 'ssize_t' {aka 'long int'} to 'int' may change value [-Wconversion]
C:\Colin\Sophie\3rdPart\boost_1_72_0\boost\asio\detail\impl\eventfd_select_interrupter.ipp(153,28): warning : conversion from 'ssize_t' {aka 'long int'} to 'int' may change value [-Wconversion]
C:\Colin\Sophie\3rdPart\boost_1_72_0\boost\asio\detail\impl\epoll_reactor.ipp(461,26): warning : conversion from 'long int' to 'int' may change value [-Wconversion]
C:\Colin\Sophie\3rdPart\boost_1_72_0\boost\asio\detail\impl\epoll_reactor.ipp(670,42): warning : conversion from 'long int' to 'int' may change value [-Wconversion]
C:\Colin\Sophie\3rdPart\boost_1_72_0\boost\asio\detail\impl\epoll_reactor.ipp(670,42): warning :   670 |   return timer_queues_.wait_duration_msec(
C:\Colin\Sophie\3rdPart\boost_1_72_0\boost\asio\detail\impl\epoll_reactor.ipp(670,42): warning :       |          ~~~~~~~~~~~~~~~~~~~~~~~~~~~~~~~~^
C:\Colin\Sophie\3rdPart\boost_1_72_0\boost\asio\detail\handler_type_requirements.hpp(147,41): warning : conversion from 'long unsigned int' to 'int' may change value [-Wconversion]
C:\Colin\Sophie\3rdPart\boost_1_72_0\boost\asio\detail\handler_type_requirements.hpp(147,41): warning :   144 |       sizeof( \
C:\Colin\Sophie\3rdPart\boost_1_72_0\boost\asio\detail\handler_type_requirements.hpp(147,41): warning :       |       ~~~~~~~~~
C:\Colin\Sophie\3rdPart\boost_1_72_0\boost\asio\impl\io_context.hpp(146,5): message : in expansion of macro 'BOOST_ASIO_LEGACY_COMPLETION_HANDLER_CHECK'
C:\Colin\Sophie\3rdPart\boost_1_72_0\boost\asio\impl\io_context.hpp(146,5): message :   146 |     BOOST_ASIO_LEGACY_COMPLETION_HANDLER_CHECK(
C:\Colin\Sophie\3rdPart\boost_1_72_0\boost\asio\impl\io_context.hpp(146,5): message :       |     ^~~~~~~~~~~~~~~~~~~~~~~~~~~~~~~~~~~~~~~~~~
C:\Colin\Sophie\3rdPart\boost_1_72_0\boost\asio\detail\handler_type_requirements.hpp(147,41): warning : conversion from 'long unsigned int' to 'int' may change value [-Wconversion]
C:\Colin\Sophie\3rdPart\boost_1_72_0\boost\asio\detail\handler_type_requirements.hpp(147,41): warning :   144 |       sizeof( \
C:\Colin\Sophie\3rdPart\boost_1_72_0\boost\asio\detail\handler_type_requirements.hpp(147,41): warning :       |       ~~~~~~~~~
C:\Colin\Sophie\3rdPart\boost_1_72_0\boost\asio\impl\io_context.hpp(190,5): message : in expansion of macro 'BOOST_ASIO_LEGACY_COMPLETION_HANDLER_CHECK'
C:\Colin\Sophie\3rdPart\boost_1_72_0\boost\asio\impl\io_context.hpp(190,5): message :   190 |     BOOST_ASIO_LEGACY_COMPLETION_HANDLER_CHECK(
C:\Colin\Sophie\3rdPart\boost_1_72_0\boost\asio\impl\io_context.hpp(190,5): message :       |     ^~~~~~~~~~~~~~~~~~~~~~~~~~~~~~~~~~~~~~~~~~
C:\Colin\Sophie\3rdPart\boost_1_72_0\boost\asio\detail\impl\socket_ops.ipp(343,13): warning : conversion from 'int' to 'boost::asio::detail::socket_ops::state_type' {aka 'unsigned char'} may change value [-Wconversion]
C:\Colin\Sophie\3rdPart\boost_1_72_0\boost\asio\detail\impl\socket_ops.ipp(343,13): warning :   343 |       state &= ~non_blocking;
C:\Colin\Sophie\3rdPart\boost_1_72_0\boost\asio\detail\impl\socket_ops.ipp(343,13): warning :       |       ~~~~~~^~~~~~~~~~~~~~~~
C:\Colin\Sophie\3rdPart\boost_1_72_0\boost\asio\detail\impl\socket_ops.ipp(395,13): warning : conversion from 'int' to 'boost::asio::detail::socket_ops::state_type' {aka 'unsigned char'} may change value [-Wconversion]
C:\Colin\Sophie\3rdPart\boost_1_72_0\boost\asio\detail\impl\socket_ops.ipp(395,13): warning :   395 |       state &= ~(user_set_non_blocking | internal_non_blocking);
C:\Colin\Sophie\3rdPart\boost_1_72_0\boost\asio\detail\impl\socket_ops.ipp(395,13): warning :       |       ~~~~~~^~~~~~~~~~~~~~~~~~~~~~~~~~~~~~~~~~~~~~~~~~~~~~~~~~~
C:\Colin\Sophie\3rdPart\boost_1_72_0\boost\asio\detail\impl\socket_ops.ipp(444,13): warning : conversion from 'int' to 'boost::asio::detail::socket_ops::state_type' {aka 'unsigned char'} may change value [-Wconversion]
C:\Colin\Sophie\3rdPart\boost_1_72_0\boost\asio\detail\impl\socket_ops.ipp(444,13): warning :   444 |       state &= ~internal_non_blocking;
C:\Colin\Sophie\3rdPart\boost_1_72_0\boost\asio\detail\impl\socket_ops.ipp(444,13): warning :       |       ~~~~~~^~~~~~~~~~~~~~~~~~~~~~~~~
C:\Colin\Sophie\3rdPart\boost_1_72_0\boost\asio\detail\impl\socket_ops.ipp(1472,13): warning : conversion from 'int' to 'boost::asio::detail::socket_ops::state_type' {aka 'unsigned char'} may change value [-Wconversion]
C:\Colin\Sophie\3rdPart\boost_1_72_0\boost\asio\detail\impl\socket_ops.ipp(1472,13): warning :  1472 |       state &= ~enable_connection_aborted;
C:\Colin\Sophie\3rdPart\boost_1_72_0\boost\asio\detail\impl\socket_ops.ipp(1472,13): warning :       |       ~~~~~~^~~~~~~~~~~~~~~~~~~~~~~~~~~~~
C:\Colin\Sophie\3rdPart\boost_1_72_0\boost\asio\detail\impl\socket_ops.ipp(1754,15): warning : conversion from 'int' to 'boost::asio::detail::socket_ops::state_type' {aka 'unsigned char'} may change value [-Wconversion]
C:\Colin\Sophie\3rdPart\boost_1_72_0\boost\asio\detail\impl\socket_ops.ipp(1754,15): warning :  1754 |         state &= ~(user_set_non_blocking | internal_non_blocking);
C:\Colin\Sophie\3rdPart\boost_1_72_0\boost\asio\detail\impl\socket_ops.ipp(1754,15): warning :       |         ~~~~~~^~~~~~~~~~~~~~~~~~~~~~~~~~~~~~~~~~~~~~~~~~~~~~~~~~~
C:\Colin\Sophie\3rdPart\boost_1_72_0\boost\asio\detail\impl\socket_ops.ipp(3460,35): warning : conversion from 'std::size_t' {aka 'long unsigned int'} to 'socklen_t' {aka 'unsigned int'} may change value [-Wconversion]
C:\Colin\Sophie\3rdPart\boost_1_72_0\boost\asio\detail\impl\socket_ops.ipp(3460,50): warning : conversion from 'std::size_t' {aka 'long unsigned int'} to 'socklen_t' {aka 'unsigned int'} may change value [-Wconversion]
C:\Colin\Sophie\3rdPart\boost_1_72_0\boost\asio\detail\impl\socket_ops.ipp(3460,65): warning : conversion from 'std::size_t' {aka 'long unsigned int'} to 'socklen_t' {aka 'unsigned int'} may change value [-Wconversion]
C:\Colin\Sophie\3rdPart\boost_1_72_0\boost\asio\detail\handler_type_requirements.hpp(277,41): warning : conversion from 'long unsigned int' to 'int' may change value [-Wconversion]
C:\Colin\Sophie\3rdPart\boost_1_72_0\boost\asio\detail\handler_type_requirements.hpp(277,41): warning :   274 |       sizeof( \
C:\Colin\Sophie\3rdPart\boost_1_72_0\boost\asio\detail\handler_type_requirements.hpp(277,41): warning :       |       ~~~~~~~~~
C:\Colin\Sophie\3rdPart\boost_1_72_0\boost\asio\basic_socket.hpp(1837,7): message : in expansion of macro 'BOOST_ASIO_CONNECT_HANDLER_CHECK'
C:\Colin\Sophie\3rdPart\boost_1_72_0\boost\asio\basic_socket.hpp(1837,7): message :  1837 |       BOOST_ASIO_CONNECT_HANDLER_CHECK(ConnectHandler, handler) type_check;
C:\Colin\Sophie\3rdPart\boost_1_72_0\boost\asio\basic_socket.hpp(1837,7): message :       |       ^~~~~~~~~~~~~~~~~~~~~~~~~~~~~~~~
C:\Colin\Sophie\3rdPart\boost_1_72_0\boost\asio\detail\handler_type_requirements.hpp(383,41): warning : conversion from 'long unsigned int' to 'int' may change value [-Wconversion]
C:\Colin\Sophie\3rdPart\boost_1_72_0\boost\asio\detail\handler_type_requirements.hpp(383,41): warning :   380 |       sizeof( \
C:\Colin\Sophie\3rdPart\boost_1_72_0\boost\asio\detail\handler_type_requirements.hpp(383,41): warning :       |       ~~~~~~~~~
C:\Colin\Sophie\3rdPart\boost_1_72_0\boost\asio\basic_socket.hpp(1878,7): message : in expansion of macro 'BOOST_ASIO_WAIT_HANDLER_CHECK'
C:\Colin\Sophie\3rdPart\boost_1_72_0\boost\asio\basic_socket.hpp(1878,7): message :  1878 |       BOOST_ASIO_WAIT_HANDLER_CHECK(WaitHandler, handler) type_check;
C:\Colin\Sophie\3rdPart\boost_1_72_0\boost\asio\basic_socket.hpp(1878,7): message :       |       ^~~~~~~~~~~~~~~~~~~~~~~~~~~~~
C:\Colin\Sophie\3rdPart\boost_1_72_0\boost\asio\detail\handler_type_requirements.hpp(199,41): warning : conversion from 'long unsigned int' to 'int' may change value [-Wconversion]
C:\Colin\Sophie\3rdPart\boost_1_72_0\boost\asio\detail\handler_type_requirements.hpp(199,41): warning :   196 |       sizeof( \
C:\Colin\Sophie\3rdPart\boost_1_72_0\boost\asio\detail\handler_type_requirements.hpp(199,41): warning :       |       ~~~~~~~~~
C:\Colin\Sophie\3rdPart\boost_1_72_0\boost\asio\basic_datagram_socket.hpp(1092,7): message : in expansion of macro 'BOOST_ASIO_WRITE_HANDLER_CHECK'
C:\Colin\Sophie\3rdPart\boost_1_72_0\boost\asio\basic_datagram_socket.hpp(1092,7): message :  1092 |       BOOST_ASIO_WRITE_HANDLER_CHECK(WriteHandler, handler) type_check;
C:\Colin\Sophie\3rdPart\boost_1_72_0\boost\asio\basic_datagram_socket.hpp(1092,7): message :       |       ^~~~~~~~~~~~~~~~~~~~~~~~~~~~~~
C:\Colin\Sophie\3rdPart\boost_1_72_0\boost\asio\detail\handler_type_requirements.hpp(199,41): warning : conversion from 'long unsigned int' to 'int' may change value [-Wconversion]
C:\Colin\Sophie\3rdPart\boost_1_72_0\boost\asio\detail\handler_type_requirements.hpp(199,41): warning :   196 |       sizeof( \
C:\Colin\Sophie\3rdPart\boost_1_72_0\boost\asio\detail\handler_type_requirements.hpp(199,41): warning :       |       ~~~~~~~~~
C:\Colin\Sophie\3rdPart\boost_1_72_0\boost\asio\basic_datagram_socket.hpp(1126,7): message : in expansion of macro 'BOOST_ASIO_WRITE_HANDLER_CHECK'
C:\Colin\Sophie\3rdPart\boost_1_72_0\boost\asio\basic_datagram_socket.hpp(1126,7): message :  1126 |       BOOST_ASIO_WRITE_HANDLER_CHECK(WriteHandler, handler) type_check;
C:\Colin\Sophie\3rdPart\boost_1_72_0\boost\asio\basic_datagram_socket.hpp(1126,7): message :       |       ^~~~~~~~~~~~~~~~~~~~~~~~~~~~~~
C:\Colin\Sophie\3rdPart\boost_1_72_0\boost\asio\detail\handler_type_requirements.hpp(172,41): warning : conversion from 'long unsigned int' to 'int' may change value [-Wconversion]
C:\Colin\Sophie\3rdPart\boost_1_72_0\boost\asio\detail\handler_type_requirements.hpp(172,41): warning :   169 |       sizeof( \
C:\Colin\Sophie\3rdPart\boost_1_72_0\boost\asio\detail\handler_type_requirements.hpp(172,41): warning :       |       ~~~~~~~~~
C:\Colin\Sophie\3rdPart\boost_1_72_0\boost\asio\basic_datagram_socket.hpp(1160,7): message : in expansion of macro 'BOOST_ASIO_READ_HANDLER_CHECK'
C:\Colin\Sophie\3rdPart\boost_1_72_0\boost\asio\basic_datagram_socket.hpp(1160,7): message :  1160 |       BOOST_ASIO_READ_HANDLER_CHECK(ReadHandler, handler) type_check;
C:\Colin\Sophie\3rdPart\boost_1_72_0\boost\asio\basic_datagram_socket.hpp(1160,7): message :       |       ^~~~~~~~~~~~~~~~~~~~~~~~~~~~~
C:\Colin\Sophie\3rdPart\boost_1_72_0\boost\asio\detail\handler_type_requirements.hpp(172,41): warning : conversion from 'long unsigned int' to 'int' may change value [-Wconversion]
C:\Colin\Sophie\3rdPart\boost_1_72_0\boost\asio\detail\handler_type_requirements.hpp(172,41): warning :   169 |       sizeof( \
C:\Colin\Sophie\3rdPart\boost_1_72_0\boost\asio\detail\handler_type_requirements.hpp(172,41): warning :       |       ~~~~~~~~~
C:\Colin\Sophie\3rdPart\boost_1_72_0\boost\asio\basic_datagram_socket.hpp(1194,7): message : in expansion of macro 'BOOST_ASIO_READ_HANDLER_CHECK'
C:\Colin\Sophie\3rdPart\boost_1_72_0\boost\asio\basic_datagram_socket.hpp(1194,7): message :  1194 |       BOOST_ASIO_READ_HANDLER_CHECK(ReadHandler, handler) type_check;
C:\Colin\Sophie\3rdPart\boost_1_72_0\boost\asio\basic_datagram_socket.hpp(1194,7): message :       |       ^~~~~~~~~~~~~~~~~~~~~~~~~~~~~
C:\Colin\Sophie\3rdPart\boost_1_72_0\boost\asio\detail\handler_type_requirements.hpp(383,41): warning : conversion from 'long unsigned int' to 'int' may change value [-Wconversion]
C:\Colin\Sophie\3rdPart\boost_1_72_0\boost\asio\detail\handler_type_requirements.hpp(383,41): warning :   380 |       sizeof( \
C:\Colin\Sophie\3rdPart\boost_1_72_0\boost\asio\detail\handler_type_requirements.hpp(383,41): warning :       |       ~~~~~~~~~
C:\Colin\Sophie\3rdPart\boost_1_72_0\boost\asio\basic_deadline_timer.hpp(671,7): message : in expansion of macro 'BOOST_ASIO_WAIT_HANDLER_CHECK'
C:\Colin\Sophie\3rdPart\boost_1_72_0\boost\asio\basic_deadline_timer.hpp(671,7): message :   671 |       BOOST_ASIO_WAIT_HANDLER_CHECK(WaitHandler, handler) type_check;
C:\Colin\Sophie\3rdPart\boost_1_72_0\boost\asio\basic_deadline_timer.hpp(671,7): message :       |       ^~~~~~~~~~~~~~~~~~~~~~~~~~~~~
C:\Colin\Sophie\3rdPart\boost_1_72_0\boost\asio\detail\handler_type_requirements.hpp(199,41): warning : conversion from 'long unsigned int' to 'int' may change value [-Wconversion]
C:\Colin\Sophie\3rdPart\boost_1_72_0\boost\asio\detail\handler_type_requirements.hpp(199,41): warning :   196 |       sizeof( \
C:\Colin\Sophie\3rdPart\boost_1_72_0\boost\asio\detail\handler_type_requirements.hpp(199,41): warning :       |       ~~~~~~~~~
C:\Colin\Sophie\3rdPart\boost_1_72_0\boost\asio\basic_raw_socket.hpp(1084,7): message : in expansion of macro 'BOOST_ASIO_WRITE_HANDLER_CHECK'
C:\Colin\Sophie\3rdPart\boost_1_72_0\boost\asio\basic_raw_socket.hpp(1084,7): message :  1084 |       BOOST_ASIO_WRITE_HANDLER_CHECK(WriteHandler, handler) type_check;
C:\Colin\Sophie\3rdPart\boost_1_72_0\boost\asio\basic_raw_socket.hpp(1084,7): message :       |       ^~~~~~~~~~~~~~~~~~~~~~~~~~~~~~
C:\Colin\Sophie\3rdPart\boost_1_72_0\boost\asio\detail\handler_type_requirements.hpp(199,41): warning : conversion from 'long unsigned int' to 'int' may change value [-Wconversion]
C:\Colin\Sophie\3rdPart\boost_1_72_0\boost\asio\detail\handler_type_requirements.hpp(199,41): warning :   196 |       sizeof( \
C:\Colin\Sophie\3rdPart\boost_1_72_0\boost\asio\detail\handler_type_requirements.hpp(199,41): warning :       |       ~~~~~~~~~
C:\Colin\Sophie\3rdPart\boost_1_72_0\boost\asio\basic_raw_socket.hpp(1118,7): message : in expansion of macro 'BOOST_ASIO_WRITE_HANDLER_CHECK'
C:\Colin\Sophie\3rdPart\boost_1_72_0\boost\asio\basic_raw_socket.hpp(1118,7): message :  1118 |       BOOST_ASIO_WRITE_HANDLER_CHECK(WriteHandler, handler) type_check;
C:\Colin\Sophie\3rdPart\boost_1_72_0\boost\asio\basic_raw_socket.hpp(1118,7): message :       |       ^~~~~~~~~~~~~~~~~~~~~~~~~~~~~~
C:\Colin\Sophie\3rdPart\boost_1_72_0\boost\asio\detail\handler_type_requirements.hpp(172,41): warning : conversion from 'long unsigned int' to 'int' may change value [-Wconversion]
C:\Colin\Sophie\3rdPart\boost_1_72_0\boost\asio\detail\handler_type_requirements.hpp(172,41): warning :   169 |       sizeof( \
C:\Colin\Sophie\3rdPart\boost_1_72_0\boost\asio\detail\handler_type_requirements.hpp(172,41): warning :       |       ~~~~~~~~~
C:\Colin\Sophie\3rdPart\boost_1_72_0\boost\asio\basic_raw_socket.hpp(1152,7): message : in expansion of macro 'BOOST_ASIO_READ_HANDLER_CHECK'
C:\Colin\Sophie\3rdPart\boost_1_72_0\boost\asio\basic_raw_socket.hpp(1152,7): message :  1152 |       BOOST_ASIO_READ_HANDLER_CHECK(ReadHandler, handler) type_check;
C:\Colin\Sophie\3rdPart\boost_1_72_0\boost\asio\basic_raw_socket.hpp(1152,7): message :       |       ^~~~~~~~~~~~~~~~~~~~~~~~~~~~~
C:\Colin\Sophie\3rdPart\boost_1_72_0\boost\asio\detail\handler_type_requirements.hpp(172,41): warning : conversion from 'long unsigned int' to 'int' may change value [-Wconversion]
C:\Colin\Sophie\3rdPart\boost_1_72_0\boost\asio\detail\handler_type_requirements.hpp(172,41): warning :   169 |       sizeof( \
C:\Colin\Sophie\3rdPart\boost_1_72_0\boost\asio\detail\handler_type_requirements.hpp(172,41): warning :       |       ~~~~~~~~~
C:\Colin\Sophie\3rdPart\boost_1_72_0\boost\asio\basic_raw_socket.hpp(1186,7): message : in expansion of macro 'BOOST_ASIO_READ_HANDLER_CHECK'
C:\Colin\Sophie\3rdPart\boost_1_72_0\boost\asio\basic_raw_socket.hpp(1186,7): message :  1186 |       BOOST_ASIO_READ_HANDLER_CHECK(ReadHandler, handler) type_check;
C:\Colin\Sophie\3rdPart\boost_1_72_0\boost\asio\basic_raw_socket.hpp(1186,7): message :       |       ^~~~~~~~~~~~~~~~~~~~~~~~~~~~~
C:\Colin\Sophie\3rdPart\boost_1_72_0\boost\asio\detail\handler_type_requirements.hpp(199,41): warning : conversion from 'long unsigned int' to 'int' may change value [-Wconversion]
C:\Colin\Sophie\3rdPart\boost_1_72_0\boost\asio\detail\handler_type_requirements.hpp(199,41): warning :   196 |       sizeof( \
C:\Colin\Sophie\3rdPart\boost_1_72_0\boost\asio\detail\handler_type_requirements.hpp(199,41): warning :       |       ~~~~~~~~~
C:\Colin\Sophie\3rdPart\boost_1_72_0\boost\asio\basic_seq_packet_socket.hpp(705,7): message : in expansion of macro 'BOOST_ASIO_WRITE_HANDLER_CHECK'
C:\Colin\Sophie\3rdPart\boost_1_72_0\boost\asio\basic_seq_packet_socket.hpp(705,7): message :   705 |       BOOST_ASIO_WRITE_HANDLER_CHECK(WriteHandler, handler) type_check;
C:\Colin\Sophie\3rdPart\boost_1_72_0\boost\asio\basic_seq_packet_socket.hpp(705,7): message :       |       ^~~~~~~~~~~~~~~~~~~~~~~~~~~~~~
C:\Colin\Sophie\3rdPart\boost_1_72_0\boost\asio\detail\handler_type_requirements.hpp(172,41): warning : conversion from 'long unsigned int' to 'int' may change value [-Wconversion]
C:\Colin\Sophie\3rdPart\boost_1_72_0\boost\asio\detail\handler_type_requirements.hpp(172,41): warning :   169 |       sizeof( \
C:\Colin\Sophie\3rdPart\boost_1_72_0\boost\asio\detail\handler_type_requirements.hpp(172,41): warning :       |       ~~~~~~~~~
C:\Colin\Sophie\3rdPart\boost_1_72_0\boost\asio\basic_seq_packet_socket.hpp(740,7): message : in expansion of macro 'BOOST_ASIO_READ_HANDLER_CHECK'
C:\Colin\Sophie\3rdPart\boost_1_72_0\boost\asio\basic_seq_packet_socket.hpp(740,7): message :   740 |       BOOST_ASIO_READ_HANDLER_CHECK(ReadHandler, handler) type_check;
C:\Colin\Sophie\3rdPart\boost_1_72_0\boost\asio\basic_seq_packet_socket.hpp(740,7): message :       |       ^~~~~~~~~~~~~~~~~~~~~~~~~~~~~
C:\Colin\Sophie\3rdPart\boost_1_72_0\boost\asio\detail\impl\descriptor_ops.ipp(69,13): warning : conversion from 'int' to 'boost::asio::detail::descriptor_ops::state_type' {aka 'unsigned char'} may change value [-Wconversion]
C:\Colin\Sophie\3rdPart\boost_1_72_0\boost\asio\detail\impl\descriptor_ops.ipp(69,13): warning :    69 |       state &= ~non_blocking;
C:\Colin\Sophie\3rdPart\boost_1_72_0\boost\asio\detail\impl\descriptor_ops.ipp(69,13): warning :       |       ~~~~~~^~~~~~~~~~~~~~~~
C:\Colin\Sophie\3rdPart\boost_1_72_0\boost\asio\detail\impl\descriptor_ops.ipp(114,13): warning : conversion from 'int' to 'boost::asio::detail::descriptor_ops::state_type' {aka 'unsigned char'} may change value [-Wconversion]
C:\Colin\Sophie\3rdPart\boost_1_72_0\boost\asio\detail\impl\descriptor_ops.ipp(114,13): warning :   114 |       state &= ~(user_set_non_blocking | internal_non_blocking);
C:\Colin\Sophie\3rdPart\boost_1_72_0\boost\asio\detail\impl\descriptor_ops.ipp(114,13): warning :       |       ~~~~~~^~~~~~~~~~~~~~~~~~~~~~~~~~~~~~~~~~~~~~~~~~~~~~~~~~~
C:\Colin\Sophie\3rdPart\boost_1_72_0\boost\asio\detail\impl\descriptor_ops.ipp(160,13): warning : conversion from 'int' to 'boost::asio::detail::descriptor_ops::state_type' {aka 'unsigned char'} may change value [-Wconversion]
C:\Colin\Sophie\3rdPart\boost_1_72_0\boost\asio\detail\impl\descriptor_ops.ipp(160,13): warning :   160 |       state &= ~internal_non_blocking;
C:\Colin\Sophie\3rdPart\boost_1_72_0\boost\asio\detail\impl\descriptor_ops.ipp(160,13): warning :       |       ~~~~~~^~~~~~~~~~~~~~~~~~~~~~~~~
C:\Colin\Sophie\3rdPart\boost_1_72_0\boost\asio\detail\impl\descriptor_ops.ipp(358,15): warning : conversion from 'int' to 'boost::asio::detail::descriptor_ops::state_type' {aka 'unsigned char'} may change value [-Wconversion]
C:\Colin\Sophie\3rdPart\boost_1_72_0\boost\asio\detail\impl\descriptor_ops.ipp(358,15): warning :   358 |         state &= ~(user_set_non_blocking | internal_non_blocking);
C:\Colin\Sophie\3rdPart\boost_1_72_0\boost\asio\detail\impl\descriptor_ops.ipp(358,15): warning :       |         ~~~~~~^~~~~~~~~~~~~~~~~~~~~~~~~~~~~~~~~~~~~~~~~~~~~~~~~~~
C:\Colin\Sophie\3rdPart\boost_1_72_0\boost\asio\detail\handler_type_requirements.hpp(199,41): warning : conversion from 'long unsigned int' to 'int' may change value [-Wconversion]
C:\Colin\Sophie\3rdPart\boost_1_72_0\boost\asio\detail\handler_type_requirements.hpp(199,41): warning :   196 |       sizeof( \
C:\Colin\Sophie\3rdPart\boost_1_72_0\boost\asio\detail\handler_type_requirements.hpp(199,41): warning :       |       ~~~~~~~~~
C:\Colin\Sophie\3rdPart\boost_1_72_0\boost\asio\basic_serial_port.hpp(849,7): message : in expansion of macro 'BOOST_ASIO_WRITE_HANDLER_CHECK'
C:\Colin\Sophie\3rdPart\boost_1_72_0\boost\asio\basic_serial_port.hpp(849,7): message :   849 |       BOOST_ASIO_WRITE_HANDLER_CHECK(WriteHandler, handler) type_check;
C:\Colin\Sophie\3rdPart\boost_1_72_0\boost\asio\basic_serial_port.hpp(849,7): message :       |       ^~~~~~~~~~~~~~~~~~~~~~~~~~~~~~
C:\Colin\Sophie\3rdPart\boost_1_72_0\boost\asio\detail\handler_type_requirements.hpp(172,41): warning : conversion from 'long unsigned int' to 'int' may change value [-Wconversion]
C:\Colin\Sophie\3rdPart\boost_1_72_0\boost\asio\detail\handler_type_requirements.hpp(172,41): warning :   169 |       sizeof( \
C:\Colin\Sophie\3rdPart\boost_1_72_0\boost\asio\detail\handler_type_requirements.hpp(172,41): warning :       |       ~~~~~~~~~
C:\Colin\Sophie\3rdPart\boost_1_72_0\boost\asio\basic_serial_port.hpp(882,7): message : in expansion of macro 'BOOST_ASIO_READ_HANDLER_CHECK'
C:\Colin\Sophie\3rdPart\boost_1_72_0\boost\asio\basic_serial_port.hpp(882,7): message :   882 |       BOOST_ASIO_READ_HANDLER_CHECK(ReadHandler, handler) type_check;
C:\Colin\Sophie\3rdPart\boost_1_72_0\boost\asio\basic_serial_port.hpp(882,7): message :       |       ^~~~~~~~~~~~~~~~~~~~~~~~~~~~~
C:\Colin\Sophie\3rdPart\boost_1_72_0\boost\asio\detail\handler_type_requirements.hpp(409,41): warning : conversion from 'long unsigned int' to 'int' may change value [-Wconversion]
C:\Colin\Sophie\3rdPart\boost_1_72_0\boost\asio\detail\handler_type_requirements.hpp(409,41): warning :   406 |       sizeof( \
C:\Colin\Sophie\3rdPart\boost_1_72_0\boost\asio\detail\handler_type_requirements.hpp(409,41): warning :       |       ~~~~~~~~~
C:\Colin\Sophie\3rdPart\boost_1_72_0\boost\asio\basic_signal_set.hpp(552,7): message : in expansion of macro 'BOOST_ASIO_SIGNAL_HANDLER_CHECK'
C:\Colin\Sophie\3rdPart\boost_1_72_0\boost\asio\basic_signal_set.hpp(552,7): message :   552 |       BOOST_ASIO_SIGNAL_HANDLER_CHECK(SignalHandler, handler) type_check;
C:\Colin\Sophie\3rdPart\boost_1_72_0\boost\asio\basic_signal_set.hpp(552,7): message :       |       ^~~~~~~~~~~~~~~~~~~~~~~~~~~~~~~
C:\Colin\Sophie\3rdPart\boost_1_72_0\boost\asio\detail\handler_type_requirements.hpp(383,41): warning : conversion from 'long unsigned int' to 'int' may change value [-Wconversion]
C:\Colin\Sophie\3rdPart\boost_1_72_0\boost\asio\detail\handler_type_requirements.hpp(383,41): warning :   380 |       sizeof( \
C:\Colin\Sophie\3rdPart\boost_1_72_0\boost\asio\detail\handler_type_requirements.hpp(383,41): warning :       |       ~~~~~~~~~
C:\Colin\Sophie\3rdPart\boost_1_72_0\boost\asio\basic_socket_acceptor.hpp(2400,7): message : in expansion of macro 'BOOST_ASIO_WAIT_HANDLER_CHECK'
C:\Colin\Sophie\3rdPart\boost_1_72_0\boost\asio\basic_socket_acceptor.hpp(2400,7): message :  2400 |       BOOST_ASIO_WAIT_HANDLER_CHECK(WaitHandler, handler) type_check;
C:\Colin\Sophie\3rdPart\boost_1_72_0\boost\asio\basic_socket_acceptor.hpp(2400,7): message :       |       ^~~~~~~~~~~~~~~~~~~~~~~~~~~~~
C:\Colin\Sophie\3rdPart\boost_1_72_0\boost\asio\detail\handler_type_requirements.hpp(225,41): warning : conversion from 'long unsigned int' to 'int' may change value [-Wconversion]
C:\Colin\Sophie\3rdPart\boost_1_72_0\boost\asio\detail\handler_type_requirements.hpp(225,41): warning :   222 |       sizeof( \
C:\Colin\Sophie\3rdPart\boost_1_72_0\boost\asio\detail\handler_type_requirements.hpp(225,41): warning :       |       ~~~~~~~~~
C:\Colin\Sophie\3rdPart\boost_1_72_0\boost\asio\basic_socket_acceptor.hpp(2434,7): message : in expansion of macro 'BOOST_ASIO_ACCEPT_HANDLER_CHECK'
C:\Colin\Sophie\3rdPart\boost_1_72_0\boost\asio\basic_socket_acceptor.hpp(2434,7): message :  2434 |       BOOST_ASIO_ACCEPT_HANDLER_CHECK(AcceptHandler, handler) type_check;
C:\Colin\Sophie\3rdPart\boost_1_72_0\boost\asio\basic_socket_acceptor.hpp(2434,7): message :       |       ^~~~~~~~~~~~~~~~~~~~~~~~~~~~~~~
C:\Colin\Sophie\3rdPart\boost_1_72_0\boost\asio\detail\handler_type_requirements.hpp(251,41): warning : conversion from 'long unsigned int' to 'int' may change value [-Wconversion]
C:\Colin\Sophie\3rdPart\boost_1_72_0\boost\asio\detail\handler_type_requirements.hpp(251,41): warning :   248 |       sizeof( \
C:\Colin\Sophie\3rdPart\boost_1_72_0\boost\asio\detail\handler_type_requirements.hpp(251,41): warning :       |       ~~~~~~~~~
C:\Colin\Sophie\3rdPart\boost_1_72_0\boost\asio\basic_socket_acceptor.hpp(2467,7): message : in expansion of macro 'BOOST_ASIO_MOVE_ACCEPT_HANDLER_CHECK'
C:\Colin\Sophie\3rdPart\boost_1_72_0\boost\asio\basic_socket_acceptor.hpp(2467,7): message :  2467 |       BOOST_ASIO_MOVE_ACCEPT_HANDLER_CHECK(
C:\Colin\Sophie\3rdPart\boost_1_72_0\boost\asio\basic_socket_acceptor.hpp(2467,7): message :       |       ^~~~~~~~~~~~~~~~~~~~~~~~~~~~~~~~~~~~
C:\Colin\Sophie\3rdPart\boost_1_72_0\boost\asio\detail\handler_type_requirements.hpp(199,41): warning : conversion from 'long unsigned int' to 'int' may change value [-Wconversion]
C:\Colin\Sophie\3rdPart\boost_1_72_0\boost\asio\detail\handler_type_requirements.hpp(199,41): warning :   196 |       sizeof( \
C:\Colin\Sophie\3rdPart\boost_1_72_0\boost\asio\detail\handler_type_requirements.hpp(199,41): warning :       |       ~~~~~~~~~
C:\Colin\Sophie\3rdPart\boost_1_72_0\boost\asio\basic_stream_socket.hpp(999,7): message : in expansion of macro 'BOOST_ASIO_WRITE_HANDLER_CHECK'
C:\Colin\Sophie\3rdPart\boost_1_72_0\boost\asio\basic_stream_socket.hpp(999,7): message :   999 |       BOOST_ASIO_WRITE_HANDLER_CHECK(WriteHandler, handler) type_check;
C:\Colin\Sophie\3rdPart\boost_1_72_0\boost\asio\basic_stream_socket.hpp(999,7): message :       |       ^~~~~~~~~~~~~~~~~~~~~~~~~~~~~~
C:\Colin\Sophie\3rdPart\boost_1_72_0\boost\asio\detail\handler_type_requirements.hpp(172,41): warning : conversion from 'long unsigned int' to 'int' may change value [-Wconversion]
C:\Colin\Sophie\3rdPart\boost_1_72_0\boost\asio\detail\handler_type_requirements.hpp(172,41): warning :   169 |       sizeof( \
C:\Colin\Sophie\3rdPart\boost_1_72_0\boost\asio\detail\handler_type_requirements.hpp(172,41): warning :       |       ~~~~~~~~~
C:\Colin\Sophie\3rdPart\boost_1_72_0\boost\asio\basic_stream_socket.hpp(1033,7): message : in expansion of macro 'BOOST_ASIO_READ_HANDLER_CHECK'
C:\Colin\Sophie\3rdPart\boost_1_72_0\boost\asio\basic_stream_socket.hpp(1033,7): message :  1033 |       BOOST_ASIO_READ_HANDLER_CHECK(ReadHandler, handler) type_check;
C:\Colin\Sophie\3rdPart\boost_1_72_0\boost\asio\basic_stream_socket.hpp(1033,7): message :       |       ^~~~~~~~~~~~~~~~~~~~~~~~~~~~~
C:\Colin\Sophie\3rdPart\boost_1_72_0\boost\asio\detail\handler_type_requirements.hpp(383,41): warning : conversion from 'long unsigned int' to 'int' may change value [-Wconversion]
C:\Colin\Sophie\3rdPart\boost_1_72_0\boost\asio\detail\handler_type_requirements.hpp(383,41): warning :   380 |       sizeof( \
C:\Colin\Sophie\3rdPart\boost_1_72_0\boost\asio\detail\handler_type_requirements.hpp(383,41): warning :       |       ~~~~~~~~~
C:\Colin\Sophie\3rdPart\boost_1_72_0\boost\asio\basic_waitable_timer.hpp(742,7): message : in expansion of macro 'BOOST_ASIO_WAIT_HANDLER_CHECK'
C:\Colin\Sophie\3rdPart\boost_1_72_0\boost\asio\basic_waitable_timer.hpp(742,7): message :   742 |       BOOST_ASIO_WAIT_HANDLER_CHECK(WaitHandler, handler) type_check;
C:\Colin\Sophie\3rdPart\boost_1_72_0\boost\asio\basic_waitable_timer.hpp(742,7): message :       |       ^~~~~~~~~~~~~~~~~~~~~~~~~~~~~
C:\Colin\Sophie\3rdPart\boost_1_72_0\boost\asio\detail\handler_type_requirements.hpp(172,41): warning : conversion from 'long unsigned int' to 'int' may change value [-Wconversion]
C:\Colin\Sophie\3rdPart\boost_1_72_0\boost\asio\detail\handler_type_requirements.hpp(172,41): warning :   169 |       sizeof( \
C:\Colin\Sophie\3rdPart\boost_1_72_0\boost\asio\detail\handler_type_requirements.hpp(172,41): warning :       |       ~~~~~~~~~
C:\Colin\Sophie\3rdPart\boost_1_72_0\boost\asio\impl\buffered_read_stream.hpp(167,7): message : in expansion of macro 'BOOST_ASIO_READ_HANDLER_CHECK'
C:\Colin\Sophie\3rdPart\boost_1_72_0\boost\asio\impl\buffered_read_stream.hpp(167,7): message :   167 |       BOOST_ASIO_READ_HANDLER_CHECK(ReadHandler, handler) type_check;
C:\Colin\Sophie\3rdPart\boost_1_72_0\boost\asio\impl\buffered_read_stream.hpp(167,7): message :       |       ^~~~~~~~~~~~~~~~~~~~~~~~~~~~~
C:\Colin\Sophie\3rdPart\boost_1_72_0\boost\asio\detail\handler_type_requirements.hpp(172,41): warning : conversion from 'long unsigned int' to 'int' may change value [-Wconversion]
C:\Colin\Sophie\3rdPart\boost_1_72_0\boost\asio\detail\handler_type_requirements.hpp(172,41): warning :   169 |       sizeof( \
C:\Colin\Sophie\3rdPart\boost_1_72_0\boost\asio\detail\handler_type_requirements.hpp(172,41): warning :       |       ~~~~~~~~~
C:\Colin\Sophie\3rdPart\boost_1_72_0\boost\asio\impl\buffered_read_stream.hpp(385,7): message : in expansion of macro 'BOOST_ASIO_READ_HANDLER_CHECK'
C:\Colin\Sophie\3rdPart\boost_1_72_0\boost\asio\impl\buffered_read_stream.hpp(385,7): message :   385 |       BOOST_ASIO_READ_HANDLER_CHECK(ReadHandler, handler) type_check;
C:\Colin\Sophie\3rdPart\boost_1_72_0\boost\asio\impl\buffered_read_stream.hpp(385,7): message :       |       ^~~~~~~~~~~~~~~~~~~~~~~~~~~~~
C:\Colin\Sophie\3rdPart\boost_1_72_0\boost\asio\detail\handler_type_requirements.hpp(199,41): warning : conversion from 'long unsigned int' to 'int' may change value [-Wconversion]
C:\Colin\Sophie\3rdPart\boost_1_72_0\boost\asio\detail\handler_type_requirements.hpp(199,41): warning :   196 |       sizeof( \
C:\Colin\Sophie\3rdPart\boost_1_72_0\boost\asio\detail\handler_type_requirements.hpp(199,41): warning :       |       ~~~~~~~~~
C:\Colin\Sophie\3rdPart\boost_1_72_0\boost\asio\impl\write.hpp(445,7): message : in expansion of macro 'BOOST_ASIO_WRITE_HANDLER_CHECK'
C:\Colin\Sophie\3rdPart\boost_1_72_0\boost\asio\impl\write.hpp(445,7): message :   445 |       BOOST_ASIO_WRITE_HANDLER_CHECK(WriteHandler, handler) type_check;
C:\Colin\Sophie\3rdPart\boost_1_72_0\boost\asio\impl\write.hpp(445,7): message :       |       ^~~~~~~~~~~~~~~~~~~~~~~~~~~~~~
C:\Colin\Sophie\3rdPart\boost_1_72_0\boost\asio\detail\handler_type_requirements.hpp(199,41): warning : conversion from 'long unsigned int' to 'int' may change value [-Wconversion]
C:\Colin\Sophie\3rdPart\boost_1_72_0\boost\asio\detail\handler_type_requirements.hpp(199,41): warning :   196 |       sizeof( \
C:\Colin\Sophie\3rdPart\boost_1_72_0\boost\asio\detail\handler_type_requirements.hpp(199,41): warning :       |       ~~~~~~~~~
C:\Colin\Sophie\3rdPart\boost_1_72_0\boost\asio\impl\write.hpp(677,7): message : in expansion of macro 'BOOST_ASIO_WRITE_HANDLER_CHECK'
C:\Colin\Sophie\3rdPart\boost_1_72_0\boost\asio\impl\write.hpp(677,7): message :   677 |       BOOST_ASIO_WRITE_HANDLER_CHECK(WriteHandler, handler) type_check;
C:\Colin\Sophie\3rdPart\boost_1_72_0\boost\asio\impl\write.hpp(677,7): message :       |       ^~~~~~~~~~~~~~~~~~~~~~~~~~~~~~
C:\Colin\Sophie\3rdPart\boost_1_72_0\boost\asio\detail\handler_type_requirements.hpp(199,41): warning : conversion from 'long unsigned int' to 'int' may change value [-Wconversion]
C:\Colin\Sophie\3rdPart\boost_1_72_0\boost\asio\detail\handler_type_requirements.hpp(199,41): warning :   196 |       sizeof( \
C:\Colin\Sophie\3rdPart\boost_1_72_0\boost\asio\detail\handler_type_requirements.hpp(199,41): warning :       |       ~~~~~~~~~
C:\Colin\Sophie\3rdPart\boost_1_72_0\boost\asio\impl\write.hpp(947,7): message : in expansion of macro 'BOOST_ASIO_WRITE_HANDLER_CHECK'
C:\Colin\Sophie\3rdPart\boost_1_72_0\boost\asio\impl\write.hpp(947,7): message :   947 |       BOOST_ASIO_WRITE_HANDLER_CHECK(WriteHandler, handler) type_check;
C:\Colin\Sophie\3rdPart\boost_1_72_0\boost\asio\impl\write.hpp(947,7): message :       |       ^~~~~~~~~~~~~~~~~~~~~~~~~~~~~~
C:\Colin\Sophie\3rdPart\boost_1_72_0\boost\asio\detail\handler_type_requirements.hpp(199,41): warning : conversion from 'long unsigned int' to 'int' may change value [-Wconversion]
C:\Colin\Sophie\3rdPart\boost_1_72_0\boost\asio\detail\handler_type_requirements.hpp(199,41): warning :   196 |       sizeof( \
C:\Colin\Sophie\3rdPart\boost_1_72_0\boost\asio\detail\handler_type_requirements.hpp(199,41): warning :       |       ~~~~~~~~~
C:\Colin\Sophie\3rdPart\boost_1_72_0\boost\asio\impl\buffered_write_stream.hpp(152,7): message : in expansion of macro 'BOOST_ASIO_WRITE_HANDLER_CHECK'
C:\Colin\Sophie\3rdPart\boost_1_72_0\boost\asio\impl\buffered_write_stream.hpp(152,7): message :   152 |       BOOST_ASIO_WRITE_HANDLER_CHECK(WriteHandler, handler) type_check;
C:\Colin\Sophie\3rdPart\boost_1_72_0\boost\asio\impl\buffered_write_stream.hpp(152,7): message :       |       ^~~~~~~~~~~~~~~~~~~~~~~~~~~~~~
C:\Colin\Sophie\3rdPart\boost_1_72_0\boost\asio\detail\handler_type_requirements.hpp(199,41): warning : conversion from 'long unsigned int' to 'int' may change value [-Wconversion]
C:\Colin\Sophie\3rdPart\boost_1_72_0\boost\asio\detail\handler_type_requirements.hpp(199,41): warning :   196 |       sizeof( \
C:\Colin\Sophie\3rdPart\boost_1_72_0\boost\asio\detail\handler_type_requirements.hpp(199,41): warning :       |       ~~~~~~~~~
C:\Colin\Sophie\3rdPart\boost_1_72_0\boost\asio\impl\buffered_write_stream.hpp(371,7): message : in expansion of macro 'BOOST_ASIO_WRITE_HANDLER_CHECK'
C:\Colin\Sophie\3rdPart\boost_1_72_0\boost\asio\impl\buffered_write_stream.hpp(371,7): message :   371 |       BOOST_ASIO_WRITE_HANDLER_CHECK(WriteHandler, handler) type_check;
C:\Colin\Sophie\3rdPart\boost_1_72_0\boost\asio\impl\buffered_write_stream.hpp(371,7): message :       |       ^~~~~~~~~~~~~~~~~~~~~~~~~~~~~~
C:\Colin\Sophie\3rdPart\boost_1_72_0\boost\asio\detail\handler_type_requirements.hpp(303,41): warning : conversion from 'long unsigned int' to 'int' may change value [-Wconversion]
C:\Colin\Sophie\3rdPart\boost_1_72_0\boost\asio\detail\handler_type_requirements.hpp(303,41): warning :   300 |       sizeof( \
C:\Colin\Sophie\3rdPart\boost_1_72_0\boost\asio\detail\handler_type_requirements.hpp(303,41): warning :       |       ~~~~~~~~~
C:\Colin\Sophie\3rdPart\boost_1_72_0\boost\asio\impl\connect.hpp(483,7): message : in expansion of macro 'BOOST_ASIO_RANGE_CONNECT_HANDLER_CHECK'
C:\Colin\Sophie\3rdPart\boost_1_72_0\boost\asio\impl\connect.hpp(483,7): message :   483 |       BOOST_ASIO_RANGE_CONNECT_HANDLER_CHECK(RangeConnectHandler,
C:\Colin\Sophie\3rdPart\boost_1_72_0\boost\asio\impl\connect.hpp(483,7): message :       |       ^~~~~~~~~~~~~~~~~~~~~~~~~~~~~~~~~~~~~~
C:\Colin\Sophie\3rdPart\boost_1_72_0\boost\asio\detail\handler_type_requirements.hpp(330,41): warning : conversion from 'long unsigned int' to 'int' may change value [-Wconversion]
C:\Colin\Sophie\3rdPart\boost_1_72_0\boost\asio\detail\handler_type_requirements.hpp(330,41): warning :   327 |       sizeof( \
C:\Colin\Sophie\3rdPart\boost_1_72_0\boost\asio\detail\handler_type_requirements.hpp(330,41): warning :       |       ~~~~~~~~~
C:\Colin\Sophie\3rdPart\boost_1_72_0\boost\asio\impl\connect.hpp(670,7): message : in expansion of macro 'BOOST_ASIO_ITERATOR_CONNECT_HANDLER_CHECK'
C:\Colin\Sophie\3rdPart\boost_1_72_0\boost\asio\impl\connect.hpp(670,7): message :   670 |       BOOST_ASIO_ITERATOR_CONNECT_HANDLER_CHECK(
C:\Colin\Sophie\3rdPart\boost_1_72_0\boost\asio\impl\connect.hpp(670,7): message :       |       ^~~~~~~~~~~~~~~~~~~~~~~~~~~~~~~~~~~~~~~~~
C:\Colin\Sophie\3rdPart\boost_1_72_0\boost\asio\detail\handler_type_requirements.hpp(147,41): warning : conversion from 'long unsigned int' to 'int' may change value [-Wconversion]
C:\Colin\Sophie\3rdPart\boost_1_72_0\boost\asio\detail\handler_type_requirements.hpp(147,41): warning :   144 |       sizeof( \
C:\Colin\Sophie\3rdPart\boost_1_72_0\boost\asio\detail\handler_type_requirements.hpp(147,41): warning :       |       ~~~~~~~~~
C:\Colin\Sophie\3rdPart\boost_1_72_0\boost\asio\io_context_strand.hpp(339,7): message : in expansion of macro 'BOOST_ASIO_LEGACY_COMPLETION_HANDLER_CHECK'
C:\Colin\Sophie\3rdPart\boost_1_72_0\boost\asio\io_context_strand.hpp(339,7): message :   339 |       BOOST_ASIO_LEGACY_COMPLETION_HANDLER_CHECK(
C:\Colin\Sophie\3rdPart\boost_1_72_0\boost\asio\io_context_strand.hpp(339,7): message :       |       ^~~~~~~~~~~~~~~~~~~~~~~~~~~~~~~~~~~~~~~~~~
C:\Colin\Sophie\3rdPart\boost_1_72_0\boost\asio\detail\handler_type_requirements.hpp(147,41): warning : conversion from 'long unsigned int' to 'int' may change value [-Wconversion]
C:\Colin\Sophie\3rdPart\boost_1_72_0\boost\asio\detail\handler_type_requirements.hpp(147,41): warning :   144 |       sizeof( \
C:\Colin\Sophie\3rdPart\boost_1_72_0\boost\asio\detail\handler_type_requirements.hpp(147,41): warning :       |       ~~~~~~~~~
C:\Colin\Sophie\3rdPart\boost_1_72_0\boost\asio\io_context_strand.hpp(356,7): message : in expansion of macro 'BOOST_ASIO_LEGACY_COMPLETION_HANDLER_CHECK'
C:\Colin\Sophie\3rdPart\boost_1_72_0\boost\asio\io_context_strand.hpp(356,7): message :   356 |       BOOST_ASIO_LEGACY_COMPLETION_HANDLER_CHECK(
C:\Colin\Sophie\3rdPart\boost_1_72_0\boost\asio\io_context_strand.hpp(356,7): message :       |       ^~~~~~~~~~~~~~~~~~~~~~~~~~~~~~~~~~~~~~~~~~
C:\Colin\Sophie\3rdPart\boost_1_72_0\boost\asio\ip\impl\network_v4.ipp(68,24): warning : conversion from 'int' to 'short unsigned int' may change value [-Wconversion]
C:\Colin\Sophie\3rdPart\boost_1_72_0\boost\asio\ip\impl\network_v4.ipp(68,24): warning :    68 |         prefix_length_ += 8;
C:\Colin\Sophie\3rdPart\boost_1_72_0\boost\asio\ip\impl\network_v4.ipp(68,24): warning :       |         ~~~~~~~~~~~~~~~^~~~
C:\Colin\Sophie\3rdPart\boost_1_72_0\boost\asio\ip\impl\network_v4.ipp(71,24): warning : conversion from 'int' to 'short unsigned int' may change value [-Wconversion]
C:\Colin\Sophie\3rdPart\boost_1_72_0\boost\asio\ip\impl\network_v4.ipp(71,24): warning :    71 |         prefix_length_ += 1;
C:\Colin\Sophie\3rdPart\boost_1_72_0\boost\asio\ip\impl\network_v4.ipp(71,24): warning :       |         ~~~~~~~~~~~~~~~^~~~
C:\Colin\Sophie\3rdPart\boost_1_72_0\boost\asio\ip\impl\network_v4.ipp(73,24): warning : conversion from 'int' to 'short unsigned int' may change value [-Wconversion]
C:\Colin\Sophie\3rdPart\boost_1_72_0\boost\asio\ip\impl\network_v4.ipp(73,24): warning :    73 |         prefix_length_ += 1;
C:\Colin\Sophie\3rdPart\boost_1_72_0\boost\asio\ip\impl\network_v4.ipp(73,24): warning :       |         ~~~~~~~~~~~~~~~^~~~
C:\Colin\Sophie\3rdPart\boost_1_72_0\boost\asio\ip\impl\network_v4.ipp(75,24): warning : conversion from 'int' to 'short unsigned int' may change value [-Wconversion]
C:\Colin\Sophie\3rdPart\boost_1_72_0\boost\asio\ip\impl\network_v4.ipp(75,24): warning :    75 |         prefix_length_ += 1;
C:\Colin\Sophie\3rdPart\boost_1_72_0\boost\asio\ip\impl\network_v4.ipp(75,24): warning :       |         ~~~~~~~~~~~~~~~^~~~
C:\Colin\Sophie\3rdPart\boost_1_72_0\boost\asio\ip\impl\network_v4.ipp(77,24): warning : conversion from 'int' to 'short unsigned int' may change value [-Wconversion]
C:\Colin\Sophie\3rdPart\boost_1_72_0\boost\asio\ip\impl\network_v4.ipp(77,24): warning :    77 |         prefix_length_ += 1;
C:\Colin\Sophie\3rdPart\boost_1_72_0\boost\asio\ip\impl\network_v4.ipp(77,24): warning :       |         ~~~~~~~~~~~~~~~^~~~
C:\Colin\Sophie\3rdPart\boost_1_72_0\boost\asio\ip\impl\network_v4.ipp(79,24): warning : conversion from 'int' to 'short unsigned int' may change value [-Wconversion]
C:\Colin\Sophie\3rdPart\boost_1_72_0\boost\asio\ip\impl\network_v4.ipp(79,24): warning :    79 |         prefix_length_ += 1;
C:\Colin\Sophie\3rdPart\boost_1_72_0\boost\asio\ip\impl\network_v4.ipp(79,24): warning :       |         ~~~~~~~~~~~~~~~^~~~
C:\Colin\Sophie\3rdPart\boost_1_72_0\boost\asio\ip\impl\network_v4.ipp(81,24): warning : conversion from 'int' to 'short unsigned int' may change value [-Wconversion]
C:\Colin\Sophie\3rdPart\boost_1_72_0\boost\asio\ip\impl\network_v4.ipp(81,24): warning :    81 |         prefix_length_ += 1;
C:\Colin\Sophie\3rdPart\boost_1_72_0\boost\asio\ip\impl\network_v4.ipp(81,24): warning :       |         ~~~~~~~~~~~~~~~^~~~
C:\Colin\Sophie\3rdPart\boost_1_72_0\boost\asio\ip\impl\network_v4.ipp(83,24): warning : conversion from 'int' to 'short unsigned int' may change value [-Wconversion]
C:\Colin\Sophie\3rdPart\boost_1_72_0\boost\asio\ip\impl\network_v4.ipp(83,24): warning :    83 |         prefix_length_ += 1;
C:\Colin\Sophie\3rdPart\boost_1_72_0\boost\asio\ip\impl\network_v4.ipp(83,24): warning :       |         ~~~~~~~~~~~~~~~^~~~
C:\Colin\Sophie\3rdPart\boost_1_72_0\boost\asio\ip\impl\network_v6.ipp(54,16): warning : conversion from 'int' to 'std::array<unsigned char, 16>::value_type' {aka 'unsigned char'} may change value [-Wconversion]
C:\Colin\Sophie\3rdPart\boost_1_72_0\boost\asio\ip\impl\network_v6.ipp(54,16): warning :    54 |       bytes[i] &= 0xFF00 >> (prefix_length_ % 8);
C:\Colin\Sophie\3rdPart\boost_1_72_0\boost\asio\ip\impl\network_v6.ipp(72,22): warning : conversion from 'int' to 'std::array<unsigned char, 16>::value_type' {aka 'unsigned char'} may change value [-Wconversion]
C:\Colin\Sophie\3rdPart\boost_1_72_0\boost\asio\ip\impl\network_v6.ipp(72,22): warning :    72 |       begin_bytes[i] &= 0xFF00 >> (prefix_length_ % 8);
C:\Colin\Sophie\3rdPart\boost_1_72_0\boost\asio\ip\impl\network_v6.ipp(73,20): warning : conversion from 'int' to 'std::array<unsigned char, 16>::value_type' {aka 'unsigned char'} may change value [-Wconversion]
C:\Colin\Sophie\3rdPart\boost_1_72_0\boost\asio\ip\impl\network_v6.ipp(73,20): warning :    73 |       end_bytes[i] |= 0xFF >> (prefix_length_ % 8);
C:\Colin\Sophie\3rdPart\boost_1_72_0\boost\asio\detail\handler_type_requirements.hpp(357,41): warning : conversion from 'long unsigned int' to 'int' may change value [-Wconversion]
C:\Colin\Sophie\3rdPart\boost_1_72_0\boost\asio\detail\handler_type_requirements.hpp(357,41): warning :   354 |       sizeof( \
C:\Colin\Sophie\3rdPart\boost_1_72_0\boost\asio\detail\handler_type_requirements.hpp(357,41): warning :       |       ~~~~~~~~~
C:\Colin\Sophie\3rdPart\boost_1_72_0\boost\asio\ip\basic_resolver.hpp(1002,7): message : in expansion of macro 'BOOST_ASIO_RESOLVE_HANDLER_CHECK'
C:\Colin\Sophie\3rdPart\boost_1_72_0\boost\asio\ip\basic_resolver.hpp(1002,7): message :  1002 |       BOOST_ASIO_RESOLVE_HANDLER_CHECK(
C:\Colin\Sophie\3rdPart\boost_1_72_0\boost\asio\ip\basic_resolver.hpp(1002,7): message :       |       ^~~~~~~~~~~~~~~~~~~~~~~~~~~~~~~~
C:\Colin\Sophie\3rdPart\boost_1_72_0\boost\asio\detail\handler_type_requirements.hpp(383,41): warning : conversion from 'long unsigned int' to 'int' may change value [-Wconversion]
C:\Colin\Sophie\3rdPart\boost_1_72_0\boost\asio\detail\handler_type_requirements.hpp(383,41): warning :   380 |       sizeof( \
C:\Colin\Sophie\3rdPart\boost_1_72_0\boost\asio\detail\handler_type_requirements.hpp(383,41): warning :       |       ~~~~~~~~~
C:\Colin\Sophie\3rdPart\boost_1_72_0\boost\asio\posix\basic_descriptor.hpp(677,7): message : in expansion of macro 'BOOST_ASIO_WAIT_HANDLER_CHECK'
C:\Colin\Sophie\3rdPart\boost_1_72_0\boost\asio\posix\basic_descriptor.hpp(677,7): message :   677 |       BOOST_ASIO_WAIT_HANDLER_CHECK(WaitHandler, handler) type_check;
C:\Colin\Sophie\3rdPart\boost_1_72_0\boost\asio\posix\basic_descriptor.hpp(677,7): message :       |       ^~~~~~~~~~~~~~~~~~~~~~~~~~~~~
C:\Colin\Sophie\3rdPart\boost_1_72_0\boost\asio\detail\handler_type_requirements.hpp(199,41): warning : conversion from 'long unsigned int' to 'int' may change value [-Wconversion]
C:\Colin\Sophie\3rdPart\boost_1_72_0\boost\asio\detail\handler_type_requirements.hpp(199,41): warning :   196 |       sizeof( \
C:\Colin\Sophie\3rdPart\boost_1_72_0\boost\asio\detail\handler_type_requirements.hpp(199,41): warning :       |       ~~~~~~~~~
C:\Colin\Sophie\3rdPart\boost_1_72_0\boost\asio\posix\basic_stream_descriptor.hpp(419,7): message : in expansion of macro 'BOOST_ASIO_WRITE_HANDLER_CHECK'
C:\Colin\Sophie\3rdPart\boost_1_72_0\boost\asio\posix\basic_stream_descriptor.hpp(419,7): message :   419 |       BOOST_ASIO_WRITE_HANDLER_CHECK(WriteHandler, handler) type_check;
C:\Colin\Sophie\3rdPart\boost_1_72_0\boost\asio\posix\basic_stream_descriptor.hpp(419,7): message :       |       ^~~~~~~~~~~~~~~~~~~~~~~~~~~~~~
C:\Colin\Sophie\3rdPart\boost_1_72_0\boost\asio\detail\handler_type_requirements.hpp(172,41): warning : conversion from 'long unsigned int' to 'int' may change value [-Wconversion]
C:\Colin\Sophie\3rdPart\boost_1_72_0\boost\asio\detail\handler_type_requirements.hpp(172,41): warning :   169 |       sizeof( \
C:\Colin\Sophie\3rdPart\boost_1_72_0\boost\asio\detail\handler_type_requirements.hpp(172,41): warning :       |       ~~~~~~~~~
C:\Colin\Sophie\3rdPart\boost_1_72_0\boost\asio\posix\basic_stream_descriptor.hpp(452,7): message : in expansion of macro 'BOOST_ASIO_READ_HANDLER_CHECK'
C:\Colin\Sophie\3rdPart\boost_1_72_0\boost\asio\posix\basic_stream_descriptor.hpp(452,7): message :   452 |       BOOST_ASIO_READ_HANDLER_CHECK(ReadHandler, handler) type_check;
C:\Colin\Sophie\3rdPart\boost_1_72_0\boost\asio\posix\basic_stream_descriptor.hpp(452,7): message :       |       ^~~~~~~~~~~~~~~~~~~~~~~~~~~~~
C:\Colin\Sophie\3rdPart\boost_1_72_0\boost\asio\detail\handler_type_requirements.hpp(172,41): warning : conversion from 'long unsigned int' to 'int' may change value [-Wconversion]
C:\Colin\Sophie\3rdPart\boost_1_72_0\boost\asio\detail\handler_type_requirements.hpp(172,41): warning :   169 |       sizeof( \
C:\Colin\Sophie\3rdPart\boost_1_72_0\boost\asio\detail\handler_type_requirements.hpp(172,41): warning :       |       ~~~~~~~~~
C:\Colin\Sophie\3rdPart\boost_1_72_0\boost\asio\impl\read.hpp(480,7): message : in expansion of macro 'BOOST_ASIO_READ_HANDLER_CHECK'
C:\Colin\Sophie\3rdPart\boost_1_72_0\boost\asio\impl\read.hpp(480,7): message :   480 |       BOOST_ASIO_READ_HANDLER_CHECK(ReadHandler, handler) type_check;
C:\Colin\Sophie\3rdPart\boost_1_72_0\boost\asio\impl\read.hpp(480,7): message :       |       ^~~~~~~~~~~~~~~~~~~~~~~~~~~~~
C:\Colin\Sophie\3rdPart\boost_1_72_0\boost\asio\detail\handler_type_requirements.hpp(172,41): warning : conversion from 'long unsigned int' to 'int' may change value [-Wconversion]
C:\Colin\Sophie\3rdPart\boost_1_72_0\boost\asio\detail\handler_type_requirements.hpp(172,41): warning :   169 |       sizeof( \
C:\Colin\Sophie\3rdPart\boost_1_72_0\boost\asio\detail\handler_type_requirements.hpp(172,41): warning :       |       ~~~~~~~~~
C:\Colin\Sophie\3rdPart\boost_1_72_0\boost\asio\impl\read.hpp(739,7): message : in expansion of macro 'BOOST_ASIO_READ_HANDLER_CHECK'
C:\Colin\Sophie\3rdPart\boost_1_72_0\boost\asio\impl\read.hpp(739,7): message :   739 |       BOOST_ASIO_READ_HANDLER_CHECK(ReadHandler, handler) type_check;
C:\Colin\Sophie\3rdPart\boost_1_72_0\boost\asio\impl\read.hpp(739,7): message :       |       ^~~~~~~~~~~~~~~~~~~~~~~~~~~~~
C:\Colin\Sophie\3rdPart\boost_1_72_0\boost\asio\detail\handler_type_requirements.hpp(172,41): warning : conversion from 'long unsigned int' to 'int' may change value [-Wconversion]
C:\Colin\Sophie\3rdPart\boost_1_72_0\boost\asio\detail\handler_type_requirements.hpp(172,41): warning :   169 |       sizeof( \
C:\Colin\Sophie\3rdPart\boost_1_72_0\boost\asio\detail\handler_type_requirements.hpp(172,41): warning :       |       ~~~~~~~~~
C:\Colin\Sophie\3rdPart\boost_1_72_0\boost\asio\impl\read.hpp(830,3): message : in expansion of macro 'BOOST_ASIO_READ_HANDLER_CHECK'
C:\Colin\Sophie\3rdPart\boost_1_72_0\boost\asio\impl\read.hpp(830,3): message :   830 |   BOOST_ASIO_READ_HANDLER_CHECK(ReadHandler, handler) type_check;
C:\Colin\Sophie\3rdPart\boost_1_72_0\boost\asio\impl\read.hpp(830,3): message :       |   ^~~~~~~~~~~~~~~~~~~~~~~~~~~~~
C:\Colin\Sophie\3rdPart\boost_1_72_0\boost\asio\detail\handler_type_requirements.hpp(172,41): warning : conversion from 'long unsigned int' to 'int' may change value [-Wconversion]
C:\Colin\Sophie\3rdPart\boost_1_72_0\boost\asio\detail\handler_type_requirements.hpp(172,41): warning :   169 |       sizeof( \
C:\Colin\Sophie\3rdPart\boost_1_72_0\boost\asio\detail\handler_type_requirements.hpp(172,41): warning :       |       ~~~~~~~~~
C:\Colin\Sophie\3rdPart\boost_1_72_0\boost\asio\impl\read.hpp(1044,7): message : in expansion of macro 'BOOST_ASIO_READ_HANDLER_CHECK'
C:\Colin\Sophie\3rdPart\boost_1_72_0\boost\asio\impl\read.hpp(1044,7): message :  1044 |       BOOST_ASIO_READ_HANDLER_CHECK(ReadHandler, handler) type_check;
C:\Colin\Sophie\3rdPart\boost_1_72_0\boost\asio\impl\read.hpp(1044,7): message :       |       ^~~~~~~~~~~~~~~~~~~~~~~~~~~~~
C:\Colin\Sophie\3rdPart\boost_1_72_0\boost\asio\detail\handler_type_requirements.hpp(172,41): warning : conversion from 'long unsigned int' to 'int' may change value [-Wconversion]
C:\Colin\Sophie\3rdPart\boost_1_72_0\boost\asio\detail\handler_type_requirements.hpp(172,41): warning :   169 |       sizeof( \
C:\Colin\Sophie\3rdPart\boost_1_72_0\boost\asio\detail\handler_type_requirements.hpp(172,41): warning :       |       ~~~~~~~~~
C:\Colin\Sophie\3rdPart\boost_1_72_0\boost\asio\impl\read.hpp(1131,3): message : in expansion of macro 'BOOST_ASIO_READ_HANDLER_CHECK'
C:\Colin\Sophie\3rdPart\boost_1_72_0\boost\asio\impl\read.hpp(1131,3): message :  1131 |   BOOST_ASIO_READ_HANDLER_CHECK(ReadHandler, handler) type_check;
C:\Colin\Sophie\3rdPart\boost_1_72_0\boost\asio\impl\read.hpp(1131,3): message :       |   ^~~~~~~~~~~~~~~~~~~~~~~~~~~~~
C:\Colin\Sophie\3rdPart\boost_1_72_0\boost\asio\detail\handler_type_requirements.hpp(172,41): warning : conversion from 'long unsigned int' to 'int' may change value [-Wconversion]
C:\Colin\Sophie\3rdPart\boost_1_72_0\boost\asio\detail\handler_type_requirements.hpp(172,41): warning :   169 |       sizeof( \
C:\Colin\Sophie\3rdPart\boost_1_72_0\boost\asio\detail\handler_type_requirements.hpp(172,41): warning :       |       ~~~~~~~~~
C:\Colin\Sophie\3rdPart\boost_1_72_0\boost\asio\impl\read_at.hpp(349,7): message : in expansion of macro 'BOOST_ASIO_READ_HANDLER_CHECK'
C:\Colin\Sophie\3rdPart\boost_1_72_0\boost\asio\impl\read_at.hpp(349,7): message :   349 |       BOOST_ASIO_READ_HANDLER_CHECK(ReadHandler, handler) type_check;
C:\Colin\Sophie\3rdPart\boost_1_72_0\boost\asio\impl\read_at.hpp(349,7): message :       |       ^~~~~~~~~~~~~~~~~~~~~~~~~~~~~
C:\Colin\Sophie\3rdPart\boost_1_72_0\boost\asio\detail\handler_type_requirements.hpp(172,41): warning : conversion from 'long unsigned int' to 'int' may change value [-Wconversion]
C:\Colin\Sophie\3rdPart\boost_1_72_0\boost\asio\detail\handler_type_requirements.hpp(172,41): warning :   169 |       sizeof( \
C:\Colin\Sophie\3rdPart\boost_1_72_0\boost\asio\detail\handler_type_requirements.hpp(172,41): warning :       |       ~~~~~~~~~
C:\Colin\Sophie\3rdPart\boost_1_72_0\boost\asio\impl\read_at.hpp(605,7): message : in expansion of macro 'BOOST_ASIO_READ_HANDLER_CHECK'
C:\Colin\Sophie\3rdPart\boost_1_72_0\boost\asio\impl\read_at.hpp(605,7): message :   605 |       BOOST_ASIO_READ_HANDLER_CHECK(ReadHandler, handler) type_check;
C:\Colin\Sophie\3rdPart\boost_1_72_0\boost\asio\impl\read_at.hpp(605,7): message :       |       ^~~~~~~~~~~~~~~~~~~~~~~~~~~~~
C:\Colin\Sophie\3rdPart\boost_1_72_0\boost\asio\detail\handler_type_requirements.hpp(172,41): warning : conversion from 'long unsigned int' to 'int' may change value [-Wconversion]
C:\Colin\Sophie\3rdPart\boost_1_72_0\boost\asio\detail\handler_type_requirements.hpp(172,41): warning :   169 |       sizeof( \
C:\Colin\Sophie\3rdPart\boost_1_72_0\boost\asio\detail\handler_type_requirements.hpp(172,41): warning :       |       ~~~~~~~~~
C:\Colin\Sophie\3rdPart\boost_1_72_0\boost\asio\impl\read_until.hpp(978,7): message : in expansion of macro 'BOOST_ASIO_READ_HANDLER_CHECK'
C:\Colin\Sophie\3rdPart\boost_1_72_0\boost\asio\impl\read_until.hpp(978,7): message :   978 |       BOOST_ASIO_READ_HANDLER_CHECK(ReadHandler, handler) type_check;
C:\Colin\Sophie\3rdPart\boost_1_72_0\boost\asio\impl\read_until.hpp(978,7): message :       |       ^~~~~~~~~~~~~~~~~~~~~~~~~~~~~
C:\Colin\Sophie\3rdPart\boost_1_72_0\boost\asio\detail\handler_type_requirements.hpp(172,41): warning : conversion from 'long unsigned int' to 'int' may change value [-Wconversion]
C:\Colin\Sophie\3rdPart\boost_1_72_0\boost\asio\detail\handler_type_requirements.hpp(172,41): warning :   169 |       sizeof( \
C:\Colin\Sophie\3rdPart\boost_1_72_0\boost\asio\detail\handler_type_requirements.hpp(172,41): warning :       |       ~~~~~~~~~
C:\Colin\Sophie\3rdPart\boost_1_72_0\boost\asio\impl\read_until.hpp(1262,7): message : in expansion of macro 'BOOST_ASIO_READ_HANDLER_CHECK'
C:\Colin\Sophie\3rdPart\boost_1_72_0\boost\asio\impl\read_until.hpp(1262,7): message :  1262 |       BOOST_ASIO_READ_HANDLER_CHECK(ReadHandler, handler) type_check;
C:\Colin\Sophie\3rdPart\boost_1_72_0\boost\asio\impl\read_until.hpp(1262,7): message :       |       ^~~~~~~~~~~~~~~~~~~~~~~~~~~~~
C:\Colin\Sophie\3rdPart\boost_1_72_0\boost\asio\detail\handler_type_requirements.hpp(172,41): warning : conversion from 'long unsigned int' to 'int' may change value [-Wconversion]
C:\Colin\Sophie\3rdPart\boost_1_72_0\boost\asio\detail\handler_type_requirements.hpp(172,41): warning :   169 |       sizeof( \
C:\Colin\Sophie\3rdPart\boost_1_72_0\boost\asio\detail\handler_type_requirements.hpp(172,41): warning :       |       ~~~~~~~~~
C:\Colin\Sophie\3rdPart\boost_1_72_0\boost\asio\impl\read_until.hpp(1553,7): message : in expansion of macro 'BOOST_ASIO_READ_HANDLER_CHECK'
C:\Colin\Sophie\3rdPart\boost_1_72_0\boost\asio\impl\read_until.hpp(1553,7): message :  1553 |       BOOST_ASIO_READ_HANDLER_CHECK(ReadHandler, handler) type_check;
C:\Colin\Sophie\3rdPart\boost_1_72_0\boost\asio\impl\read_until.hpp(1553,7): message :       |       ^~~~~~~~~~~~~~~~~~~~~~~~~~~~~
C:\Colin\Sophie\3rdPart\boost_1_72_0\boost\asio\detail\handler_type_requirements.hpp(172,41): warning : conversion from 'long unsigned int' to 'int' may change value [-Wconversion]
C:\Colin\Sophie\3rdPart\boost_1_72_0\boost\asio\detail\handler_type_requirements.hpp(172,41): warning :   169 |       sizeof( \
C:\Colin\Sophie\3rdPart\boost_1_72_0\boost\asio\detail\handler_type_requirements.hpp(172,41): warning :       |       ~~~~~~~~~
C:\Colin\Sophie\3rdPart\boost_1_72_0\boost\asio\impl\read_until.hpp(1842,7): message : in expansion of macro 'BOOST_ASIO_READ_HANDLER_CHECK'
C:\Colin\Sophie\3rdPart\boost_1_72_0\boost\asio\impl\read_until.hpp(1842,7): message :  1842 |       BOOST_ASIO_READ_HANDLER_CHECK(ReadHandler, handler) type_check;
C:\Colin\Sophie\3rdPart\boost_1_72_0\boost\asio\impl\read_until.hpp(1842,7): message :       |       ^~~~~~~~~~~~~~~~~~~~~~~~~~~~~
C:\Colin\Sophie\3rdPart\boost_1_72_0\boost\asio\detail\handler_type_requirements.hpp(172,41): warning : conversion from 'long unsigned int' to 'int' may change value [-Wconversion]
C:\Colin\Sophie\3rdPart\boost_1_72_0\boost\asio\detail\handler_type_requirements.hpp(172,41): warning :   169 |       sizeof( \
C:\Colin\Sophie\3rdPart\boost_1_72_0\boost\asio\detail\handler_type_requirements.hpp(172,41): warning :       |       ~~~~~~~~~
C:\Colin\Sophie\3rdPart\boost_1_72_0\boost\asio\impl\read_until.hpp(2188,7): message : in expansion of macro 'BOOST_ASIO_READ_HANDLER_CHECK'
C:\Colin\Sophie\3rdPart\boost_1_72_0\boost\asio\impl\read_until.hpp(2188,7): message :  2188 |       BOOST_ASIO_READ_HANDLER_CHECK(ReadHandler, handler) type_check;
C:\Colin\Sophie\3rdPart\boost_1_72_0\boost\asio\impl\read_until.hpp(2188,7): message :       |       ^~~~~~~~~~~~~~~~~~~~~~~~~~~~~
C:\Colin\Sophie\3rdPart\boost_1_72_0\boost\asio\detail\handler_type_requirements.hpp(172,41): warning : conversion from 'long unsigned int' to 'int' may change value [-Wconversion]
C:\Colin\Sophie\3rdPart\boost_1_72_0\boost\asio\detail\handler_type_requirements.hpp(172,41): warning :   169 |       sizeof( \
C:\Colin\Sophie\3rdPart\boost_1_72_0\boost\asio\detail\handler_type_requirements.hpp(172,41): warning :       |       ~~~~~~~~~
C:\Colin\Sophie\3rdPart\boost_1_72_0\boost\asio\impl\read_until.hpp(2478,7): message : in expansion of macro 'BOOST_ASIO_READ_HANDLER_CHECK'
C:\Colin\Sophie\3rdPart\boost_1_72_0\boost\asio\impl\read_until.hpp(2478,7): message :  2478 |       BOOST_ASIO_READ_HANDLER_CHECK(ReadHandler, handler) type_check;
C:\Colin\Sophie\3rdPart\boost_1_72_0\boost\asio\impl\read_until.hpp(2478,7): message :       |       ^~~~~~~~~~~~~~~~~~~~~~~~~~~~~
C:\Colin\Sophie\3rdPart\boost_1_72_0\boost\asio\detail\handler_type_requirements.hpp(172,41): warning : conversion from 'long unsigned int' to 'int' may change value [-Wconversion]
C:\Colin\Sophie\3rdPart\boost_1_72_0\boost\asio\detail\handler_type_requirements.hpp(172,41): warning :   169 |       sizeof( \
C:\Colin\Sophie\3rdPart\boost_1_72_0\boost\asio\detail\handler_type_requirements.hpp(172,41): warning :       |       ~~~~~~~~~
C:\Colin\Sophie\3rdPart\boost_1_72_0\boost\asio\impl\read_until.hpp(2777,7): message : in expansion of macro 'BOOST_ASIO_READ_HANDLER_CHECK'
C:\Colin\Sophie\3rdPart\boost_1_72_0\boost\asio\impl\read_until.hpp(2777,7): message :  2777 |       BOOST_ASIO_READ_HANDLER_CHECK(ReadHandler, handler) type_check;
C:\Colin\Sophie\3rdPart\boost_1_72_0\boost\asio\impl\read_until.hpp(2777,7): message :       |       ^~~~~~~~~~~~~~~~~~~~~~~~~~~~~
C:\Colin\Sophie\3rdPart\boost_1_72_0\boost\asio\detail\handler_type_requirements.hpp(172,41): warning : conversion from 'long unsigned int' to 'int' may change value [-Wconversion]
C:\Colin\Sophie\3rdPart\boost_1_72_0\boost\asio\detail\handler_type_requirements.hpp(172,41): warning :   169 |       sizeof( \
C:\Colin\Sophie\3rdPart\boost_1_72_0\boost\asio\detail\handler_type_requirements.hpp(172,41): warning :       |       ~~~~~~~~~
C:\Colin\Sophie\3rdPart\boost_1_72_0\boost\asio\impl\read_until.hpp(3071,7): message : in expansion of macro 'BOOST_ASIO_READ_HANDLER_CHECK'
C:\Colin\Sophie\3rdPart\boost_1_72_0\boost\asio\impl\read_until.hpp(3071,7): message :  3071 |       BOOST_ASIO_READ_HANDLER_CHECK(ReadHandler, handler) type_check;
C:\Colin\Sophie\3rdPart\boost_1_72_0\boost\asio\impl\read_until.hpp(3071,7): message :       |       ^~~~~~~~~~~~~~~~~~~~~~~~~~~~~
C:\Colin\Sophie\3rdPart\boost_1_72_0\boost\asio\detail\handler_type_requirements.hpp(199,41): warning : conversion from 'long unsigned int' to 'int' may change value [-Wconversion]
C:\Colin\Sophie\3rdPart\boost_1_72_0\boost\asio\detail\handler_type_requirements.hpp(199,41): warning :   196 |       sizeof( \
C:\Colin\Sophie\3rdPart\boost_1_72_0\boost\asio\detail\handler_type_requirements.hpp(199,41): warning :       |       ~~~~~~~~~
C:\Colin\Sophie\3rdPart\boost_1_72_0\boost\asio\impl\write_at.hpp(334,7): message : in expansion of macro 'BOOST_ASIO_WRITE_HANDLER_CHECK'
C:\Colin\Sophie\3rdPart\boost_1_72_0\boost\asio\impl\write_at.hpp(334,7): message :   334 |       BOOST_ASIO_WRITE_HANDLER_CHECK(WriteHandler, handler) type_check;
C:\Colin\Sophie\3rdPart\boost_1_72_0\boost\asio\impl\write_at.hpp(334,7): message :       |       ^~~~~~~~~~~~~~~~~~~~~~~~~~~~~~
C:\Colin\Sophie\3rdPart\boost_1_72_0\boost\asio\detail\handler_type_requirements.hpp(199,41): warning : conversion from 'long unsigned int' to 'int' may change value [-Wconversion]
C:\Colin\Sophie\3rdPart\boost_1_72_0\boost\asio\detail\handler_type_requirements.hpp(199,41): warning :   196 |       sizeof( \
C:\Colin\Sophie\3rdPart\boost_1_72_0\boost\asio\detail\handler_type_requirements.hpp(199,41): warning :       |       ~~~~~~~~~
C:\Colin\Sophie\3rdPart\boost_1_72_0\boost\asio\impl\write_at.hpp(535,7): message : in expansion of macro 'BOOST_ASIO_WRITE_HANDLER_CHECK'
C:\Colin\Sophie\3rdPart\boost_1_72_0\boost\asio\impl\write_at.hpp(535,7): message :   535 |       BOOST_ASIO_WRITE_HANDLER_CHECK(WriteHandler, handler) type_check;
C:\Colin\Sophie\3rdPart\boost_1_72_0\boost\asio\impl\write_at.hpp(535,7): message :       |       ^~~~~~~~~~~~~~~~~~~~~~~~~~~~~~
C:\Colin\Sophie\3rdPart\boost_1_72_0\boost\date_time\microsec_time_clock.hpp(88,36): warning : conversion from '__suseconds_t' {aka 'long int'} to 'uint32_t' {aka 'unsigned int'} may change value [-Wconversion]
C:\Colin\Sophie\3rdPart\boost_1_72_0\boost\date_time\wrapping_int.hpp(151,14): warning : conversion from 'int' to 'boost::date_time::wrapping_int2<short int, 1, 12>::int_type' {aka 'short int'} may change value [-Wconversion]
C:\Colin\Sophie\3rdPart\boost_1_72_0\boost\date_time\wrapping_int.hpp(151,14): warning :   151 |       value_ -= (wrap_max - wrap_min + 1);
C:\Colin\Sophie\3rdPart\boost_1_72_0\boost\date_time\wrapping_int.hpp(151,14): warning :       |       ~~~~~~~^~~~~~~~~~~~~~~~~~~~~~~~~~~~
C:\Colin\Sophie\3rdPart\boost_1_72_0\boost\date_time\wrapping_int.hpp(156,14): warning : conversion from 'int' to 'boost::date_time::wrapping_int2<short int, 1, 12>::int_type' {aka 'short int'} may change value [-Wconversion]
C:\Colin\Sophie\3rdPart\boost_1_72_0\boost\date_time\wrapping_int.hpp(156,14): warning :   156 |       value_ += (wrap_max - wrap_min + 1);
C:\Colin\Sophie\3rdPart\boost_1_72_0\boost\date_time\wrapping_int.hpp(156,14): warning :       |       ~~~~~~~^~~~~~~~~~~~~~~~~~~~~~~~~~~~
  Linking objects
  MediaStreamComponent.vcxproj -> /root/projects/bin/x64/Debug/MediaStreamComponent.out
